26.02.10 10:59:17 - mailcommander - DEBUG - Crypted message from puh <puh@localhost>
26.02.10 10:59:17 - mailcommander - DEBUG - Disconnecting...
26.02.10 10:59:51 - mailcommander - DEBUG - Starting...
26.02.10 10:59:51 - mailcommander - INFO - Loading module stat...
26.02.10 10:59:51 - mailcommander - DEBUG - Connecting to pop3 mail server
26.02.10 10:59:51 - mailcommander - DEBUG - Check mail, total found 1 letters, 1 letter(s) with commands
26.02.10 10:59:51 - mailcommander - INFO - Processing message 1 of 1...
26.02.10 10:59:51 - mailcommander - DEBUG - Crypted message from puh <puh@localhost>
26.02.10 10:59:51 - mailcommander - DEBUG - Disconnecting...
26.02.10 11:00:29 - mailcommander - DEBUG - Starting...
26.02.10 11:00:29 - mailcommander - INFO - Loading module stat...
26.02.10 11:00:29 - mailcommander - DEBUG - Connecting to pop3 mail server
26.02.10 11:00:29 - mailcommander - DEBUG - Check mail, total found 1 letters, 1 letter(s) with commands
26.02.10 11:00:29 - mailcommander - INFO - Processing message 1 of 1...
26.02.10 11:00:29 - mailcommander - DEBUG - Crypted message from puh <puh@localhost>
26.02.10 11:00:29 - mailcommander - DEBUG - Disconnecting...
26.02.10 11:00:47 - mailcommander - DEBUG - Starting...
26.02.10 11:00:47 - mailcommander - INFO - Loading module stat...
26.02.10 11:00:47 - mailcommander - DEBUG - Connecting to pop3 mail server
26.02.10 11:00:47 - mailcommander - DEBUG - Check mail, total found 1 letters, 1 letter(s) with commands
26.02.10 11:00:47 - mailcommander - INFO - Processing message 1 of 1...
26.02.10 11:00:47 - mailcommander - DEBUG - Crypted message from puh <puh@localhost>
26.02.10 11:00:47 - mailcommander - DEBUG - Disconnecting...
26.02.10 11:00:59 - mailcommander - DEBUG - Starting...
26.02.10 11:00:59 - mailcommander - INFO - Loading module stat...
26.02.10 11:00:59 - mailcommander - DEBUG - Connecting to pop3 mail server
26.02.10 11:00:59 - mailcommander - DEBUG - Check mail, total found 1 letters, 1 letter(s) with commands
26.02.10 11:00:59 - mailcommander - INFO - Processing message 1 of 1...
26.02.10 11:00:59 - mailcommander - DEBUG - Crypted message from puh <puh@localhost>
26.02.10 11:00:59 - mailcommander - DEBUG - Disconnecting...
26.02.10 11:01:02 - mailcommander - DEBUG - Starting...
26.02.10 11:01:02 - mailcommander - INFO - Loading module stat...
26.02.10 11:01:02 - mailcommander - DEBUG - Connecting to pop3 mail server
26.02.10 11:01:02 - mailcommander - DEBUG - Check mail, total found 1 letters, 1 letter(s) with commands
26.02.10 11:01:02 - mailcommander - INFO - Processing message 1 of 1...
26.02.10 11:01:02 - mailcommander - DEBUG - Crypted message from puh <puh@localhost>
26.02.10 11:01:02 - mailcommander - DEBUG - Disconnecting...
26.02.10 11:01:04 - mailcommander - DEBUG - Starting...
26.02.10 11:01:04 - mailcommander - INFO - Loading module stat...
26.02.10 11:01:04 - mailcommander - DEBUG - Connecting to pop3 mail server
26.02.10 11:01:05 - mailcommander - DEBUG - Check mail, total found 1 letters, 1 letter(s) with commands
26.02.10 11:01:05 - mailcommander - INFO - Processing message 1 of 1...
26.02.10 11:01:05 - mailcommander - DEBUG - Crypted message from puh <puh@localhost>
26.02.10 11:01:05 - mailcommander - DEBUG - Disconnecting...
26.02.10 11:01:41 - mailcommander - DEBUG - Starting...
26.02.10 11:01:41 - mailcommander - INFO - Loading module stat...
26.02.10 11:01:41 - mailcommander - DEBUG - Connecting to pop3 mail server
26.02.10 11:01:41 - mailcommander - DEBUG - Check mail, total found 1 letters, 1 letter(s) with commands
26.02.10 11:01:41 - mailcommander - INFO - Processing message 1 of 1...
26.02.10 11:01:41 - mailcommander - DEBUG - Crypted message from puh <puh@localhost>
26.02.10 11:01:41 - mailcommander - DEBUG - Disconnecting...
26.02.10 11:02:02 - mailcommander - DEBUG - Starting...
26.02.10 11:02:02 - mailcommander - INFO - Loading module stat...
26.02.10 11:02:02 - mailcommander - DEBUG - Connecting to pop3 mail server
26.02.10 11:02:02 - mailcommander - DEBUG - Check mail, total found 1 letters, 1 letter(s) with commands
26.02.10 11:02:02 - mailcommander - INFO - Processing message 1 of 1...
26.02.10 11:02:02 - mailcommander - DEBUG - Crypted message from puh <puh@localhost>
26.02.10 11:02:02 - mailcommander - DEBUG - Disconnecting...
26.02.10 11:03:20 - mailcommander - DEBUG - Starting...
26.02.10 11:03:20 - mailcommander - INFO - Loading module stat...
26.02.10 11:03:20 - mailcommander - DEBUG - Connecting to pop3 mail server
26.02.10 11:03:20 - mailcommander - DEBUG - Check mail, total found 1 letters, 1 letter(s) with commands
26.02.10 11:03:20 - mailcommander - INFO - Processing message 1 of 1...
26.02.10 11:03:20 - mailcommander - DEBUG - Crypted message from puh <puh@localhost>
26.02.10 11:03:20 - mailcommander - DEBUG - Disconnecting...
26.02.10 11:03:43 - mailcommander - DEBUG - Starting...
26.02.10 11:03:43 - mailcommander - INFO - Loading module stat...
26.02.10 11:03:43 - mailcommander - DEBUG - Connecting to pop3 mail server
26.02.10 11:03:43 - mailcommander - DEBUG - Check mail, total found 1 letters, 1 letter(s) with commands
26.02.10 11:03:43 - mailcommander - INFO - Processing message 1 of 1...
26.02.10 11:03:43 - mailcommander - DEBUG - Crypted message from puh <puh@localhost>
26.02.10 11:03:43 - mailcommander - DEBUG - Disconnecting...
26.02.10 11:03:56 - mailcommander - DEBUG - Starting...
26.02.10 11:03:56 - mailcommander - INFO - Loading module stat...
26.02.10 11:03:56 - mailcommander - DEBUG - Connecting to pop3 mail server
26.02.10 11:03:56 - mailcommander - DEBUG - Check mail, total found 1 letters, 1 letter(s) with commands
26.02.10 11:03:56 - mailcommander - INFO - Processing message 1 of 1...
26.02.10 11:03:56 - mailcommander - DEBUG - Crypted message from puh <puh@localhost>
26.02.10 11:03:56 - mailcommander - DEBUG - Disconnecting...
26.02.10 11:03:59 - mailcommander - DEBUG - Starting...
26.02.10 11:03:59 - mailcommander - INFO - Loading module stat...
26.02.10 11:03:59 - mailcommander - DEBUG - Connecting to pop3 mail server
26.02.10 11:03:59 - mailcommander - DEBUG - Check mail, total found 1 letters, 1 letter(s) with commands
26.02.10 11:03:59 - mailcommander - INFO - Processing message 1 of 1...
26.02.10 11:03:59 - mailcommander - DEBUG - Crypted message from puh <puh@localhost>
26.02.10 11:03:59 - mailcommander - DEBUG - Disconnecting...
26.02.10 11:04:03 - mailcommander - DEBUG - Starting...
26.02.10 11:04:03 - mailcommander - INFO - Loading module stat...
26.02.10 11:04:03 - mailcommander - DEBUG - Connecting to pop3 mail server
26.02.10 11:04:03 - mailcommander - DEBUG - Check mail, total found 1 letters, 1 letter(s) with commands
26.02.10 11:04:03 - mailcommander - INFO - Processing message 1 of 1...
26.02.10 11:04:03 - mailcommander - DEBUG - Crypted message from puh <puh@localhost>
26.02.10 11:04:03 - mailcommander - DEBUG - Disconnecting...
26.02.10 11:04:05 - mailcommander - DEBUG - Starting...
26.02.10 11:04:05 - mailcommander - INFO - Loading module stat...
26.02.10 11:04:05 - mailcommander - DEBUG - Connecting to pop3 mail server
26.02.10 11:04:05 - mailcommander - DEBUG - Check mail, total found 1 letters, 1 letter(s) with commands
26.02.10 11:04:05 - mailcommander - INFO - Processing message 1 of 1...
26.02.10 11:04:05 - mailcommander - DEBUG - Crypted message from puh <puh@localhost>
26.02.10 11:04:05 - mailcommander - DEBUG - Disconnecting...
26.02.10 11:04:08 - mailcommander - DEBUG - Starting...
26.02.10 11:04:08 - mailcommander - INFO - Loading module stat...
26.02.10 11:04:08 - mailcommander - DEBUG - Connecting to pop3 mail server
26.02.10 11:04:08 - mailcommander - DEBUG - Check mail, total found 1 letters, 1 letter(s) with commands
26.02.10 11:04:08 - mailcommander - INFO - Processing message 1 of 1...
26.02.10 11:04:08 - mailcommander - DEBUG - Crypted message from puh <puh@localhost>
26.02.10 11:04:08 - mailcommander - DEBUG - Disconnecting...
26.02.10 11:04:11 - mailcommander - DEBUG - Starting...
26.02.10 11:04:11 - mailcommander - INFO - Loading module stat...
26.02.10 11:04:11 - mailcommander - DEBUG - Connecting to pop3 mail server
26.02.10 11:04:11 - mailcommander - DEBUG - Check mail, total found 1 letters, 1 letter(s) with commands
26.02.10 11:04:11 - mailcommander - INFO - Processing message 1 of 1...
26.02.10 11:04:11 - mailcommander - DEBUG - Crypted message from puh <puh@localhost>
26.02.10 11:04:11 - mailcommander - DEBUG - Disconnecting...
26.02.10 11:04:13 - mailcommander - DEBUG - Starting...
26.02.10 11:04:13 - mailcommander - INFO - Loading module stat...
26.02.10 11:04:13 - mailcommander - DEBUG - Connecting to pop3 mail server
26.02.10 11:04:13 - mailcommander - DEBUG - Check mail, total found 1 letters, 1 letter(s) with commands
26.02.10 11:04:13 - mailcommander - INFO - Processing message 1 of 1...
26.02.10 11:04:13 - mailcommander - DEBUG - Crypted message from puh <puh@localhost>
26.02.10 11:04:13 - mailcommander - DEBUG - Disconnecting...
26.02.10 11:04:31 - mailcommander - DEBUG - Starting...
26.02.10 11:04:31 - mailcommander - INFO - Loading module stat...
26.02.10 11:04:31 - mailcommander - DEBUG - Connecting to pop3 mail server
26.02.10 11:04:31 - mailcommander - DEBUG - Check mail, total found 1 letters, 1 letter(s) with commands
26.02.10 11:04:31 - mailcommander - INFO - Processing message 1 of 1...
26.02.10 11:04:31 - mailcommander - DEBUG - Crypted message from puh <puh@localhost>
26.02.10 11:04:31 - mailcommander - DEBUG - Disconnecting...
26.02.10 11:20:34 - mailcommander - DEBUG - Starting...
26.02.10 11:20:34 - mailcommander - INFO - Loading module stat...
26.02.10 11:20:34 - mailcommander - DEBUG - Connecting to pop3 mail server
26.02.10 11:20:34 - mailcommander - DEBUG - Check mail, total found 1 letters, 1 letter(s) with commands
26.02.10 11:20:34 - mailcommander - INFO - Processing message 1 of 1...
26.02.10 11:20:35 - mailcommander - INFO - Check password failed on message from puh <puh@localhost>.
26.02.10 11:20:35 - mailcommander - INFO - Bad command format
26.02.10 11:20:35 - mailcommander - DEBUG - Disconnecting...
26.02.10 11:20:41 - mailcommander - DEBUG - Starting...
26.02.10 11:20:41 - mailcommander - INFO - Loading module stat...
26.02.10 11:20:41 - mailcommander - DEBUG - Connecting to pop3 mail server
26.02.10 11:20:42 - mailcommander - DEBUG - Check mail, total found 1 letters, 1 letter(s) with commands
26.02.10 11:20:42 - mailcommander - INFO - Processing message 1 of 1...
26.02.10 11:20:42 - mailcommander - INFO - Check password failed on message from puh <puh@localhost>.
26.02.10 11:20:42 - mailcommander - INFO - Bad command format
26.02.10 11:20:42 - mailcommander - DEBUG - Disconnecting...
26.02.10 11:20:46 - mailcommander - DEBUG - Starting...
26.02.10 11:20:46 - mailcommander - INFO - Loading module stat...
26.02.10 11:20:46 - mailcommander - DEBUG - Connecting to pop3 mail server
26.02.10 11:20:46 - mailcommander - DEBUG - Check mail, total found 1 letters, 1 letter(s) with commands
26.02.10 11:20:46 - mailcommander - INFO - Processing message 1 of 1...
26.02.10 11:20:46 - mailcommander - INFO - Check password failed on message from puh <puh@localhost>.
26.02.10 11:20:46 - mailcommander - INFO - Bad command format
26.02.10 11:20:46 - mailcommander - DEBUG - Disconnecting...
26.02.10 11:21:46 - mailcommander - DEBUG - Starting...
26.02.10 11:21:46 - mailcommander - INFO - Loading module stat...
26.02.10 11:21:46 - mailcommander - DEBUG - Connecting to pop3 mail server
26.02.10 11:21:46 - mailcommander - DEBUG - Check mail, total found 1 letters, 1 letter(s) with commands
26.02.10 11:21:46 - mailcommander - INFO - Processing message 1 of 1...
26.02.10 11:21:46 - mailcommander - INFO - Check password failed on message from puh <puh@localhost>.
26.02.10 11:21:46 - mailcommander - INFO - Bad command format
26.02.10 11:21:46 - mailcommander - DEBUG - Disconnecting...
26.02.10 11:21:59 - mailcommander - DEBUG - Starting...
26.02.10 11:21:59 - mailcommander - INFO - Loading module stat...
26.02.10 11:21:59 - mailcommander - DEBUG - Connecting to pop3 mail server
26.02.10 11:21:59 - mailcommander - DEBUG - Check mail, total found 1 letters, 1 letter(s) with commands
26.02.10 11:21:59 - mailcommander - INFO - Processing message 1 of 1...
26.02.10 11:21:59 - mailcommander - INFO - Check password failed on message from puh <puh@localhost>.
26.02.10 11:22:00 - mailcommander - INFO - Bad command format
26.02.10 11:22:00 - mailcommander - DEBUG - Disconnecting...
26.02.10 11:22:04 - mailcommander - DEBUG - Starting...
26.02.10 11:22:04 - mailcommander - INFO - Loading module stat...
26.02.10 11:22:04 - mailcommander - DEBUG - Connecting to pop3 mail server
26.02.10 11:22:04 - mailcommander - DEBUG - Check mail, total found 1 letters, 1 letter(s) with commands
26.02.10 11:22:04 - mailcommander - INFO - Processing message 1 of 1...
26.02.10 11:22:04 - mailcommander - DEBUG - Crypted message from puh <puh@localhost>
26.02.10 11:22:04 - mailcommander - INFO - Bad command format
26.02.10 11:22:05 - mailcommander - INFO - Bad command format
26.02.10 11:22:05 - mailcommander - INFO - Bad command format
26.02.10 11:22:05 - mailcommander - INFO - Warning: method Cmdstat not found
26.02.10 11:22:05 - mailcommander - DEBUG - Disconnecting...
26.02.10 11:22:39 - mailcommander - DEBUG - Starting...
26.02.10 11:22:39 - mailcommander - INFO - Loading module stat...
26.02.10 11:22:39 - mailcommander - DEBUG - Connecting to pop3 mail server
26.02.10 11:22:40 - mailcommander - DEBUG - Check mail, total found 1 letters, 1 letter(s) with commands
26.02.10 11:22:40 - mailcommander - INFO - Processing message 1 of 1...
26.02.10 11:22:40 - mailcommander - INFO - Check password failed on message from puh <puh@localhost>.
26.02.10 11:22:40 - mailcommander - INFO - Bad command format
26.02.10 11:22:40 - mailcommander - DEBUG - Disconnecting...
26.02.10 11:22:52 - mailcommander - DEBUG - Starting...
26.02.10 11:22:52 - mailcommander - INFO - Loading module stat...
26.02.10 11:22:52 - mailcommander - DEBUG - Connecting to pop3 mail server
26.02.10 11:22:52 - mailcommander - DEBUG - Check mail, total found 1 letters, 1 letter(s) with commands
26.02.10 11:22:52 - mailcommander - INFO - Processing message 1 of 1...
26.02.10 11:22:52 - mailcommander - DEBUG - Crypted message from puh <puh@localhost>
26.02.10 11:22:52 - mailcommander - INFO - Bad command format
26.02.10 11:22:52 - mailcommander - INFO - Bad command format
26.02.10 11:22:52 - mailcommander - INFO - Bad command format
26.02.10 11:22:52 - mailcommander - INFO - Warning: method Cmdstat not found
26.02.10 11:22:52 - mailcommander - DEBUG - Disconnecting...
26.02.10 11:25:03 - mailcommander - DEBUG - Starting...
26.02.10 11:25:03 - mailcommander - INFO - Loading module stat...
26.02.10 11:25:03 - mailcommander - DEBUG - Connecting to pop3 mail server
26.02.10 11:25:03 - mailcommander - DEBUG - Check mail, total found 1 letters, 1 letter(s) with commands
26.02.10 11:25:03 - mailcommander - INFO - Processing message 1 of 1...
26.02.10 11:25:03 - mailcommander - DEBUG - Crypted message from puh <puh@localhost>
26.02.10 11:25:03 - mailcommander - INFO - 'NoneType' object has no attribute 'groups'
26.02.10 11:25:03 - mailcommander - INFO - 'NoneType' object has no attribute 'groups'
26.02.10 11:25:03 - mailcommander - INFO - 'NoneType' object has no attribute 'groups'
26.02.10 11:25:04 - mailcommander - INFO - Warning: method Cmdstat not found
26.02.10 11:25:04 - mailcommander - DEBUG - Disconnecting...
26.02.10 11:25:19 - mailcommander - DEBUG - Starting...
26.02.10 11:25:19 - mailcommander - INFO - Loading module stat...
26.02.10 11:25:19 - mailcommander - DEBUG - Connecting to pop3 mail server
26.02.10 11:25:19 - mailcommander - DEBUG - Check mail, total found 1 letters, 1 letter(s) with commands
26.02.10 11:25:19 - mailcommander - INFO - Processing message 1 of 1...
26.02.10 11:25:19 - mailcommander - DEBUG - Crypted message from puh <puh@localhost>
26.02.10 11:25:19 - mailcommander - INFO - Warning: method Cmdstat not found
26.02.10 11:25:19 - mailcommander - DEBUG - Disconnecting...
26.02.10 11:25:28 - mailcommander - DEBUG - Starting...
26.02.10 11:25:28 - mailcommander - INFO - Loading module stat...
26.02.10 11:25:28 - mailcommander - DEBUG - Connecting to pop3 mail server
26.02.10 11:25:28 - mailcommander - DEBUG - Check mail, total found 1 letters, 1 letter(s) with commands
26.02.10 11:25:28 - mailcommander - INFO - Processing message 1 of 1...
26.02.10 11:25:28 - mailcommander - DEBUG - Crypted message from puh <puh@localhost>
26.02.10 11:25:28 - mailcommander - INFO - Warning: method Cmdstat not found
26.02.10 11:25:28 - mailcommander - DEBUG - Disconnecting...
26.02.10 11:25:48 - mailcommander - DEBUG - Starting...
26.02.10 11:25:48 - mailcommander - INFO - Loading module stat...
26.02.10 11:25:48 - mailcommander - DEBUG - Connecting to pop3 mail server
26.02.10 11:25:48 - mailcommander - DEBUG - Check mail, total found 1 letters, 1 letter(s) with commands
26.02.10 11:25:48 - mailcommander - INFO - Processing message 1 of 1...
26.02.10 11:25:48 - mailcommander - DEBUG - Crypted message from puh <puh@localhost>
26.02.10 11:25:48 - mailcommander - INFO - Warning: method Cmdstat not found
26.02.10 11:25:48 - mailcommander - DEBUG - Disconnecting...
26.02.10 11:26:08 - mailcommander - DEBUG - Starting...
26.02.10 11:26:08 - mailcommander - INFO - Loading module stat...
26.02.10 11:26:08 - mailcommander - DEBUG - Connecting to pop3 mail server
26.02.10 11:26:08 - mailcommander - DEBUG - Check mail, total found 1 letters, 1 letter(s) with commands
26.02.10 11:26:08 - mailcommander - INFO - Processing message 1 of 1...
26.02.10 11:26:08 - mailcommander - DEBUG - Crypted message from puh <puh@localhost>
26.02.10 11:26:08 - mailcommander - DEBUG - Disconnecting...
26.02.10 11:26:14 - mailcommander - DEBUG - Starting...
26.02.10 11:26:14 - mailcommander - INFO - Loading module stat...
26.02.10 11:26:14 - mailcommander - DEBUG - Connecting to pop3 mail server
26.02.10 11:26:14 - mailcommander - DEBUG - Check mail, total found 1 letters, 1 letter(s) with commands
26.02.10 11:26:14 - mailcommander - INFO - Processing message 1 of 1...
26.02.10 11:26:14 - mailcommander - DEBUG - Crypted message from puh <puh@localhost>
26.02.10 11:26:14 - mailcommander - INFO - Warning: method Cmdstat not found
26.02.10 11:26:14 - mailcommander - DEBUG - Disconnecting...
26.02.10 11:28:05 - mailcommander - DEBUG - Starting...
26.02.10 11:28:05 - mailcommander - INFO - Loading module stat...
26.02.10 11:28:05 - mailcommander - DEBUG - Connecting to pop3 mail server
26.02.10 11:28:05 - mailcommander - DEBUG - Check mail, total found 1 letters, 1 letter(s) with commands
26.02.10 11:28:05 - mailcommander - INFO - Processing message 1 of 1...
26.02.10 11:28:05 - mailcommander - DEBUG - Crypted message from puh <puh@localhost>
26.02.10 11:28:05 - mailcommander - INFO - Warning: method Cmdstat not found
26.02.10 11:28:05 - mailcommander - DEBUG - Disconnecting...
26.02.10 11:28:49 - mailcommander - DEBUG - Starting...
26.02.10 11:28:49 - mailcommander - INFO - Loading module stat...
26.02.10 11:28:49 - mailcommander - DEBUG - Connecting to pop3 mail server
26.02.10 11:28:49 - mailcommander - DEBUG - Check mail, total found 1 letters, 1 letter(s) with commands
26.02.10 11:28:49 - mailcommander - INFO - Processing message 1 of 1...
26.02.10 11:28:49 - mailcommander - DEBUG - Crypted message from puh <puh@localhost>
26.02.10 11:28:49 - mailcommander - INFO - Warning: method Cmdstat not found
26.02.10 11:28:49 - mailcommander - DEBUG - Disconnecting...
26.02.10 11:29:41 - mailcommander - DEBUG - Starting...
26.02.10 11:29:41 - mailcommander - INFO - Loading module stat...
26.02.10 11:29:41 - mailcommander - DEBUG - Connecting to pop3 mail server
26.02.10 11:29:41 - mailcommander - DEBUG - Check mail, total found 1 letters, 1 letter(s) with commands
26.02.10 11:29:41 - mailcommander - INFO - Processing message 1 of 1...
26.02.10 11:29:41 - mailcommander - DEBUG - Crypted message from puh <puh@localhost>
26.02.10 11:29:41 - mailcommander - INFO - Execute CmdStat with context  from puh <puh@localhost>
26.02.10 11:29:42 - mailcommander - DEBUG - Disconnecting...
26.02.10 11:36:07 - mailcommander - DEBUG - Starting...
26.02.10 11:36:07 - mailcommander - INFO - Loading module stat_and_freespace...
26.02.10 11:36:07 - mailcommander - INFO - Loading module openport...
26.02.10 11:36:07 - mailcommander - DEBUG - Connecting to pop3 mail server
26.02.10 11:36:07 - mailcommander - DEBUG - Check mail, total found 1 letters, 1 letter(s) with commands
26.02.10 11:36:07 - mailcommander - INFO - Processing message 1 of 1...
26.02.10 11:36:07 - mailcommander - DEBUG - Crypted message from puh <puh@localhost>
26.02.10 11:36:07 - mailcommander - INFO - Execute Stat with context  from puh <puh@localhost>
26.02.10 11:36:08 - mailcommander - DEBUG - Disconnecting...
26.02.10 11:37:29 - mailcommander - DEBUG - Starting...
26.02.10 11:37:29 - mailcommander - INFO - Loading module stat_and_freespace...
26.02.10 11:37:29 - mailcommander - INFO - Loading module openport...
26.02.10 11:37:29 - mailcommander - DEBUG - Connecting to pop3 mail server
26.02.10 11:37:29 - mailcommander - DEBUG - Check mail, total found 2 letters, 2 letter(s) with commands
26.02.10 11:37:29 - mailcommander - INFO - Processing message 1 of 2...
26.02.10 11:37:29 - mailcommander - DEBUG - Crypted message from puh <puh@localhost>
26.02.10 11:37:29 - mailcommander - INFO - Execute Stat with context  from puh <puh@localhost>
26.02.10 11:37:29 - mailcommander - INFO - Processing message 2 of 2...
26.02.10 11:37:29 - mailcommander - DEBUG - Crypted message from puh <puh@localhost>
26.02.10 11:37:29 - mailcommander - INFO - Execute Stat with context  from puh <puh@localhost>
26.02.10 11:37:30 - mailcommander - INFO - Execute Freespace with context /dev/sda1 from puh <puh@localhost>
26.02.10 11:37:30 - mailcommander - INFO - Execute Openport with context 7777,192.168.1.8,2 from puh <puh@localhost>
26.02.10 11:37:31 - mailcommander - DEBUG - Disconnecting...
26.02.10 11:37:41 - mailcommander - DEBUG - Starting...
26.02.10 11:37:41 - mailcommander - INFO - Loading module stat_and_freespace...
26.02.10 11:37:41 - mailcommander - INFO - Loading module openport...
26.02.10 11:37:41 - mailcommander - DEBUG - Connecting to pop3 mail server
26.02.10 11:37:41 - mailcommander - DEBUG - Check mail, total found 2 letters, 2 letter(s) with commands
26.02.10 11:37:41 - mailcommander - INFO - Processing message 1 of 2...
26.02.10 11:37:41 - mailcommander - DEBUG - Crypted message from puh <puh@localhost>
26.02.10 11:37:41 - mailcommander - INFO - Execute Stat with context  from puh <puh@localhost>
26.02.10 11:37:41 - mailcommander - INFO - Processing message 2 of 2...
26.02.10 11:37:41 - mailcommander - DEBUG - Crypted message from puh <puh@localhost>
26.02.10 11:37:42 - mailcommander - INFO - Execute Stat with context  from puh <puh@localhost>
26.02.10 11:37:42 - mailcommander - INFO - Execute Freespace with context /dev/sda1 from puh <puh@localhost>
26.02.10 11:37:42 - mailcommander - INFO - Execute Openport with context 7777,192.168.1.8,2 from puh <puh@localhost>
26.02.10 11:37:43 - mailcommander - DEBUG - Disconnecting...
26.02.10 13:31:50 - mailcommander - DEBUG - Starting...
26.02.10 13:31:50 - mailcommander - INFO - Loading module stat_and_freespace...
26.02.10 13:31:50 - mailcommander - INFO - Loading module openport...
26.02.10 13:31:50 - mailcommander - DEBUG - Connecting to pop3 mail server
26.02.10 13:31:51 - mailcommander - DEBUG - Check mail, total found 3 letters, 2 letter(s) with commands
26.02.10 13:31:51 - mailcommander - INFO - Processing message 1 of 2...
26.02.10 13:31:51 - mailcommander - DEBUG - Crypted message from puh <puh@localhost>
26.02.10 13:31:51 - mailcommander - ERROR - IOError(2, 'No such file or directory')
26.02.10 13:31:51 - mailcommander - INFO - Processing message 2 of 2...
26.02.10 13:31:51 - mailcommander - DEBUG - Crypted message from puh <puh@localhost>
26.02.10 13:31:51 - mailcommander - ERROR - IOError(2, 'No such file or directory')
26.02.10 13:31:51 - mailcommander - DEBUG - Disconnecting...
26.02.10 13:34:34 - mailcommander - DEBUG - Starting...
26.02.10 13:34:34 - mailcommander - INFO - Loading module stat_and_freespace...
26.02.10 13:34:34 - mailcommander - INFO - Loading module openport...
26.02.10 13:34:34 - mailcommander - DEBUG - Connecting to pop3 mail server
26.02.10 13:34:34 - mailcommander - DEBUG - Check mail, total found 3 letters, 2 letter(s) with commands
26.02.10 13:34:34 - mailcommander - INFO - Processing message 1 of 2...
26.02.10 13:34:34 - mailcommander - DEBUG - Crypted message from puh <puh@localhost>
26.02.10 13:34:35 - mailcommander - ERROR - Exception('Sender certificate users/puh_localhost.pem not found',)
26.02.10 13:34:35 - mailcommander - INFO - Processing message 2 of 2...
26.02.10 13:34:35 - mailcommander - DEBUG - Crypted message from puh <puh@localhost>
26.02.10 13:34:35 - mailcommander - ERROR - Exception('Sender certificate users/puh_localhost.pem not found',)
26.02.10 13:34:35 - mailcommander - DEBUG - Disconnecting...
26.02.10 13:34:44 - mailcommander - DEBUG - Starting...
26.02.10 13:34:44 - mailcommander - INFO - Loading module stat_and_freespace...
26.02.10 13:34:44 - mailcommander - INFO - Loading module openport...
26.02.10 13:34:44 - mailcommander - DEBUG - Connecting to pop3 mail server
26.02.10 13:34:45 - mailcommander - DEBUG - Check mail, total found 3 letters, 2 letter(s) with commands
26.02.10 13:34:45 - mailcommander - INFO - Processing message 1 of 2...
26.02.10 13:34:45 - mailcommander - DEBUG - Crypted message from puh <puh@localhost>
26.02.10 13:34:45 - mailcommander - ERROR - Exception('Sender certificate users/puh_localhost.pem not found',)
26.02.10 13:34:45 - mailcommander - INFO - Processing message 2 of 2...
26.02.10 13:34:45 - mailcommander - DEBUG - Crypted message from puh <puh@localhost>
26.02.10 13:34:45 - mailcommander - ERROR - Exception('Sender certificate users/puh_localhost.pem not found',)
26.02.10 13:34:45 - mailcommander - DEBUG - Disconnecting...
26.02.10 13:35:06 - mailcommander - DEBUG - Starting...
26.02.10 13:35:06 - mailcommander - INFO - Loading module stat_and_freespace...
26.02.10 13:35:06 - mailcommander - INFO - Loading module openport...
26.02.10 13:35:06 - mailcommander - DEBUG - Connecting to pop3 mail server
26.02.10 13:35:06 - mailcommander - DEBUG - Check mail, total found 3 letters, 2 letter(s) with commands
26.02.10 13:35:06 - mailcommander - INFO - Processing message 1 of 2...
26.02.10 13:35:06 - mailcommander - DEBUG - Crypted message from puh <puh@localhost>
26.02.10 13:35:07 - mailcommander - INFO - Exception('Sender certificate users/puh_localhost.pem not found',)
26.02.10 13:35:07 - mailcommander - INFO - Processing message 2 of 2...
26.02.10 13:35:07 - mailcommander - DEBUG - Crypted message from puh <puh@localhost>
26.02.10 13:35:07 - mailcommander - INFO - Exception('Sender certificate users/puh_localhost.pem not found',)
26.02.10 13:35:07 - mailcommander - DEBUG - Disconnecting...
26.02.10 13:35:10 - mailcommander - DEBUG - Starting...
26.02.10 13:35:10 - mailcommander - INFO - Loading module stat_and_freespace...
26.02.10 13:35:10 - mailcommander - INFO - Loading module openport...
26.02.10 13:35:10 - mailcommander - DEBUG - Connecting to pop3 mail server
26.02.10 13:35:10 - mailcommander - DEBUG - Check mail, total found 3 letters, 2 letter(s) with commands
26.02.10 13:35:10 - mailcommander - INFO - Processing message 1 of 2...
26.02.10 13:35:10 - mailcommander - DEBUG - Crypted message from puh <puh@localhost>
26.02.10 13:35:10 - mailcommander - INFO - Exception('Sender certificate users/puh_localhost.pem not found',)
26.02.10 13:35:10 - mailcommander - INFO - Processing message 2 of 2...
26.02.10 13:35:10 - mailcommander - DEBUG - Crypted message from puh <puh@localhost>
26.02.10 13:35:10 - mailcommander - INFO - Exception('Sender certificate users/puh_localhost.pem not found',)
26.02.10 13:35:10 - mailcommander - DEBUG - Disconnecting...
26.02.10 13:35:45 - mailcommander - DEBUG - Starting...
26.02.10 13:35:45 - mailcommander - INFO - Loading module stat_and_freespace...
26.02.10 13:35:45 - mailcommander - INFO - Loading module openport...
26.02.10 13:35:45 - mailcommander - DEBUG - Connecting to pop3 mail server
26.02.10 13:35:45 - mailcommander - DEBUG - Check mail, total found 3 letters, 2 letter(s) with commands
26.02.10 13:35:45 - mailcommander - INFO - Processing message 1 of 2...
26.02.10 13:35:45 - mailcommander - DEBUG - Crypted message from puh <puh@localhost>
26.02.10 13:35:45 - mailcommander - INFO - KeyError('puh@localhost',)
26.02.10 13:35:45 - mailcommander - INFO - Processing message 2 of 2...
26.02.10 13:35:45 - mailcommander - DEBUG - Crypted message from puh <puh@localhost>
26.02.10 13:35:45 - mailcommander - INFO - KeyError('puh@localhost',)
26.02.10 13:35:45 - mailcommander - DEBUG - Disconnecting...
26.02.10 13:36:13 - mailcommander - DEBUG - Starting...
26.02.10 13:36:13 - mailcommander - INFO - Loading module stat_and_freespace...
26.02.10 13:36:13 - mailcommander - INFO - Loading module openport...
26.02.10 13:36:13 - mailcommander - DEBUG - Connecting to pop3 mail server
26.02.10 13:36:13 - mailcommander - DEBUG - Check mail, total found 3 letters, 2 letter(s) with commands
26.02.10 13:36:13 - mailcommander - INFO - Processing message 1 of 2...
26.02.10 13:36:13 - mailcommander - DEBUG - Crypted message from puh <puh@localhost>
26.02.10 13:36:13 - mailcommander - INFO - Sender certificate users/puh_localhost.pem not found
26.02.10 13:36:13 - mailcommander - INFO - Processing message 2 of 2...
26.02.10 13:36:13 - mailcommander - DEBUG - Crypted message from puh <puh@localhost>
26.02.10 13:36:13 - mailcommander - INFO - Sender certificate users/puh_localhost.pem not found
26.02.10 13:36:13 - mailcommander - DEBUG - Disconnecting...
26.02.10 13:36:23 - mailcommander - DEBUG - Starting...
26.02.10 13:36:23 - mailcommander - INFO - Loading module stat_and_freespace...
26.02.10 13:36:23 - mailcommander - INFO - Loading module openport...
26.02.10 13:36:23 - mailcommander - DEBUG - Connecting to pop3 mail server
26.02.10 13:36:23 - mailcommander - DEBUG - Check mail, total found 3 letters, 2 letter(s) with commands
26.02.10 13:36:23 - mailcommander - INFO - Processing message 1 of 2...
26.02.10 13:36:23 - mailcommander - DEBUG - Crypted message from puh <puh@localhost>
26.02.10 13:36:23 - mailcommander - ERROR - Sender certificate users/puh_localhost.pem not found
26.02.10 13:36:23 - mailcommander - INFO - Processing message 2 of 2...
26.02.10 13:36:23 - mailcommander - DEBUG - Crypted message from puh <puh@localhost>
26.02.10 13:36:23 - mailcommander - ERROR - Sender certificate users/puh_localhost.pem not found
26.02.10 13:36:23 - mailcommander - DEBUG - Disconnecting...
26.02.10 13:37:31 - mailcommander - DEBUG - Starting...
26.02.10 13:37:31 - mailcommander - INFO - Loading module stat_and_freespace...
26.02.10 13:37:31 - mailcommander - INFO - Loading module openport...
26.02.10 13:37:31 - mailcommander - DEBUG - Connecting to pop3 mail server
26.02.10 13:37:31 - mailcommander - DEBUG - Check mail, total found 3 letters, 2 letter(s) with commands
26.02.10 13:37:31 - mailcommander - INFO - Processing message 1 of 2...
26.02.10 13:37:31 - mailcommander - DEBUG - Crypted message from puh <puh@localhost>
26.02.10 13:37:31 - mailcommander - ERROR - Sender certificate users/puh_localhost.pem not found
26.02.10 13:37:31 - mailcommander - INFO - Processing message 2 of 2...
26.02.10 13:37:31 - mailcommander - DEBUG - Crypted message from puh <puh@localhost>
26.02.10 13:37:31 - mailcommander - ERROR - Sender certificate users/puh_localhost.pem not found
26.02.10 13:37:31 - mailcommander - DEBUG - Disconnecting...
26.02.10 13:37:40 - mailcommander - DEBUG - Starting...
26.02.10 13:37:40 - mailcommander - INFO - Loading module stat_and_freespace...
26.02.10 13:37:40 - mailcommander - INFO - Loading module openport...
26.02.10 13:37:40 - mailcommander - DEBUG - Connecting to pop3 mail server
26.02.10 13:37:41 - mailcommander - DEBUG - Check mail, total found 3 letters, 2 letter(s) with commands
26.02.10 13:37:41 - mailcommander - INFO - Processing message 1 of 2...
26.02.10 13:37:41 - mailcommander - DEBUG - Crypted message from puh <puh@localhost>
26.02.10 13:37:41 - mailcommander - ERROR - Certificate record for email puh <puh@localhost> not found
26.02.10 13:37:41 - mailcommander - INFO - Processing message 2 of 2...
26.02.10 13:37:41 - mailcommander - DEBUG - Crypted message from puh <puh@localhost>
26.02.10 13:37:41 - mailcommander - ERROR - Certificate record for email puh <puh@localhost> not found
26.02.10 13:37:41 - mailcommander - DEBUG - Disconnecting...
26.02.10 13:38:28 - mailcommander - DEBUG - Starting...
26.02.10 13:38:28 - mailcommander - INFO - Loading module stat_and_freespace...
26.02.10 13:38:28 - mailcommander - INFO - Loading module openport...
26.02.10 13:38:28 - mailcommander - DEBUG - Connecting to pop3 mail server
26.02.10 13:38:28 - mailcommander - DEBUG - Check mail, total found 3 letters, 2 letter(s) with commands
26.02.10 13:38:28 - mailcommander - INFO - Processing message 1 of 2...
26.02.10 13:38:28 - mailcommander - DEBUG - Crypted message from puh <puh@localhost>
26.02.10 13:38:28 - mailcommander - ERROR - exceptions must be classes or instances, not str
26.02.10 13:38:28 - mailcommander - INFO - Processing message 2 of 2...
26.02.10 13:38:28 - mailcommander - DEBUG - Crypted message from puh <puh@localhost>
26.02.10 13:38:28 - mailcommander - ERROR - exceptions must be classes or instances, not str
26.02.10 13:38:28 - mailcommander - DEBUG - Disconnecting...
26.02.10 13:51:56 - mailcommander - DEBUG - Starting...
26.02.10 13:51:56 - mailcommander - INFO - Loading module stat_and_freespace...
26.02.10 13:51:56 - mailcommander - INFO - Loading module openport...
26.02.10 13:51:56 - mailcommander - DEBUG - Connecting to pop3 mail server
26.02.10 13:51:56 - mailcommander - DEBUG - Check mail, total found 3 letters, 2 letter(s) with commands
26.02.10 13:51:56 - mailcommander - INFO - Processing message 1 of 2...
26.02.10 13:51:56 - mailcommander - DEBUG - Crypted message from puh <puh@localhost>
26.02.10 13:51:56 - mailcommander - ERROR - Recipient key /home/asu/projects/mailcommander/src/certificates/recipient.key not found
26.02.10 13:51:56 - mailcommander - INFO - Processing message 2 of 2...
26.02.10 13:51:56 - mailcommander - DEBUG - Crypted message from puh <puh@localhost>
26.02.10 13:51:56 - mailcommander - ERROR - Recipient key /home/asu/projects/mailcommander/src/certificates/recipient.key not found
26.02.10 13:51:56 - mailcommander - DEBUG - Disconnecting...
26.02.10 13:52:21 - mailcommander - DEBUG - Starting...
26.02.10 13:52:21 - mailcommander - INFO - Loading module stat_and_freespace...
26.02.10 13:52:21 - mailcommander - INFO - Loading module openport...
26.02.10 13:52:21 - mailcommander - DEBUG - Connecting to pop3 mail server
26.02.10 13:52:21 - mailcommander - DEBUG - Check mail, total found 3 letters, 2 letter(s) with commands
26.02.10 13:52:21 - mailcommander - INFO - Processing message 1 of 2...
26.02.10 13:52:21 - mailcommander - DEBUG - Crypted message from puh <puh@localhost>
26.02.10 13:52:21 - mailcommander - ERROR - Recipient certificate /home/asu/projects/mailcommander/src/certificates/recipient.pem not found
26.02.10 13:52:21 - mailcommander - INFO - Processing message 2 of 2...
26.02.10 13:52:21 - mailcommander - DEBUG - Crypted message from puh <puh@localhost>
26.02.10 13:52:21 - mailcommander - ERROR - Recipient certificate /home/asu/projects/mailcommander/src/certificates/recipient.pem not found
26.02.10 13:52:21 - mailcommander - DEBUG - Disconnecting...
26.02.10 13:52:41 - mailcommander - DEBUG - Starting...
26.02.10 13:52:41 - mailcommander - INFO - Loading module stat_and_freespace...
26.02.10 13:52:41 - mailcommander - INFO - Loading module openport...
26.02.10 13:52:41 - mailcommander - DEBUG - Connecting to pop3 mail server
26.02.10 13:52:41 - mailcommander - DEBUG - Check mail, total found 3 letters, 2 letter(s) with commands
26.02.10 13:52:41 - mailcommander - INFO - Processing message 1 of 2...
26.02.10 13:52:41 - mailcommander - DEBUG - Crypted message from puh <puh@localhost>
26.02.10 13:52:41 - mailcommander - ERROR - Sender certificate authority /home/asu/projects/mailcommander/src/certificates/ca_signer.pem not found
26.02.10 13:52:41 - mailcommander - INFO - Processing message 2 of 2...
26.02.10 13:52:41 - mailcommander - DEBUG - Crypted message from puh <puh@localhost>
26.02.10 13:52:41 - mailcommander - ERROR - Sender certificate authority /home/asu/projects/mailcommander/src/certificates/ca_signer.pem not found
26.02.10 13:52:41 - mailcommander - DEBUG - Disconnecting...
26.02.10 14:28:44 - mailcommander - DEBUG - Starting...
26.02.10 14:28:44 - mailcommander - INFO - Loading module stat_and_freespace...
26.02.10 14:28:44 - mailcommander - INFO - Loading module openport...
26.02.10 14:28:44 - mailcommander - DEBUG - Connecting to pop3 mail server
26.02.10 14:28:44 - mailcommander - DEBUG - Check mail, total found 3 letters, 2 letter(s) with commands
26.02.10 14:28:44 - mailcommander - INFO - Processing message 1 of 2...
26.02.10 14:28:44 - mailcommander - DEBUG - Crypted message from puh <puh@localhost>
26.02.10 14:28:44 - mailcommander - INFO - Execute Stat with context  from puh <puh@localhost>
26.02.10 14:28:45 - mailcommander - INFO - Processing message 2 of 2...
26.02.10 14:28:45 - mailcommander - DEBUG - Crypted message from puh <puh@localhost>
26.02.10 14:28:45 - mailcommander - INFO - Execute Stat with context  from puh <puh@localhost>
26.02.10 14:28:45 - mailcommander - INFO - Execute Freespace with context /dev/sda1 from puh <puh@localhost>
26.02.10 14:28:45 - mailcommander - INFO - Execute Openport with context 7777,192.168.1.8,2 from puh <puh@localhost>
26.02.10 14:28:46 - mailcommander - DEBUG - Disconnecting...
